<?xml version="1.0" encoding="UTF-8"?>
<!-- Generated by org.testng.reporters.JUnitReportReporter -->
<testsuite skipped="0" hostname="DESKTOP-O7TM77B" name="com.mystore.tests.sample.Login" tests="1" failures="0" timestamp="2021-02-09T17:53:22 CST" time="10.483" errors="0">
  <testcase name="loginTest" time="10.483" classname="com.mystore.tests.sample.Login"/>
  <system-out/>
</testsuite> <!-- com.mystore.tests.sample.Login -->
