<?xml version="1.0" encoding="UTF-8"?>
<!-- Generated by org.testng.reporters.JUnitReportReporter -->
<testsuite skipped="0" hostname="DESKTOP-O7TM77B" name="com.mystore.tests.sample.LoginPageTest" tests="1" failures="0" timestamp="2021-02-09T12:01:40 CST" time="11.511" errors="0">
  <testcase name="loginTest" time="11.511" classname="com.mystore.tests.sample.LoginPageTest"/>
  <system-out/>
</testsuite> <!-- com.mystore.tests.sample.LoginPageTest -->
