<?xml version="1.0" encoding="UTF-8"?>
<!-- Generated by org.testng.reporters.JUnitReportReporter -->
<testsuite skipped="0" hostname="DESKTOP-O7TM77B" name="com.mystore.tests.sample.LoginTest" tests="1" failures="0" timestamp="2021-02-22T10:25:28 CST" time="18.606" errors="0">
  <testcase name="verifyLogin" time="18.606" classname="com.mystore.tests.sample.LoginTest"/>
  <system-out/>
</testsuite> <!-- com.mystore.tests.sample.LoginTest -->
